[2020-12-17 10:53:13] [info]  [ 4328] Apache Commons Daemon procrun (1.2.0.0 64-bit) started.
[2020-12-17 10:53:13] [info]  [ 4328] Running Service 'neo4j'...
[2020-12-17 10:53:13] [info]  [ 6056] Starting service...
[2020-12-17 10:53:15] [info]  [ 6056] Service started in 1859 milliseconds.
[2020-12-17 10:59:24] [info]  [ 1940] Console SHUTDOWN event signaled.
[2020-12-17 10:59:24] [info]  [ 1940] Stopping service...
[2020-12-17 10:59:57] [info]  [ 4076] Apache Commons Daemon procrun (1.2.0.0 64-bit) started.
[2020-12-17 10:59:57] [info]  [ 4076] Running Service 'neo4j'...
[2020-12-17 10:59:57] [info]  [ 6012] Starting service...
[2020-12-17 10:59:59] [info]  [ 6012] Service started in 1752 milliseconds.
[2020-12-17 11:06:33] [info]  [ 7680] Stopping service...
[2020-12-17 11:06:42] [info]  [ 3348] Apache Commons Daemon procrun (1.2.0.0 64-bit) started.
[2020-12-17 11:06:42] [info]  [ 3348] Running Service 'neo4j'...
[2020-12-17 11:06:42] [info]  [ 1952] Starting service...
[2020-12-17 11:06:42] [error] [ 1952] Failed creating Java 'C:\Program Files\Java\jdk-11.0.9\bin\server\jvm.dll'.
[2020-12-17 11:06:42] [error] [ 1952] The system cannot find the path specified.
[2020-12-17 11:06:42] [error] [ 1952] ServiceStart returned 1.
[2020-12-17 11:06:42] [error] [ 1952] The system cannot find the path specified.
[2020-12-17 11:06:42] [info]  [ 3348] Run service finished.
[2020-12-17 11:06:42] [info]  [ 3348] Apache Commons Daemon procrun finished.
